<?xml version="1.0" encoding="UTF-8"?>
<!-- Generated by org.testng.reporters.JUnitReportReporter -->
<testsuite hostname="Neelam" failures="0" tests="1" name="Cucumber.TestNGRunner" time="17.598" errors="0" timestamp="2024-06-11T07:32:12 EDT" skipped="0">
  <testcase classname="Cucumber.TestNGRunner" name="runScenario" time="17.598"/>
</testsuite> <!-- Cucumber.TestNGRunner -->
