<?xml version="1.0" encoding="UTF-8"?>
<!-- Generated by org.testng.reporters.JUnitReportReporter -->
<testsuite hostname="Neelam" failures="0" tests="3" name="Tests.SubmitOrderTest" time="45.911" errors="0" timestamp="2024-06-10T10:34:17 EDT" skipped="0">
  <testcase classname="Tests.SubmitOrderTest" name="orderHistory" time="8.054"/>
  <testcase classname="Tests.SubmitOrderTest" name="submitOrder" time="18.277"/>
  <testcase classname="Tests.SubmitOrderTest" name="submitOrder" time="19.580"/>
</testsuite> <!-- Tests.SubmitOrderTest -->
