<?xml version="1.0" encoding="UTF-8"?>
<!-- Generated by org.testng.reporters.JUnitReportReporter -->
<testsuite hostname="Neelam" failures="0" tests="1" name="Tests.StandAloneTest" time="12.009" errors="0" timestamp="2024-06-09T07:43:11 EDT" skipped="0">
  <testcase classname="Tests.StandAloneTest" name="submitOrder" time="12.009"/>
</testsuite> <!-- Tests.StandAloneTest -->
