<?xml version="1.0" encoding="UTF-8"?>
<!-- Generated by org.testng.reporters.JUnitReportReporter -->
<testsuite hostname="Neelam" failures="0" tests="3" name="Tests.SubmitOrderTest" time="46.105" errors="0" timestamp="2024-06-10T12:05:21 EDT" skipped="0">
  <testcase classname="Tests.SubmitOrderTest" name="orderHistory" time="7.706"/>
  <testcase classname="Tests.SubmitOrderTest" name="submitOrder" time="20.845"/>
  <testcase classname="Tests.SubmitOrderTest" name="submitOrder" time="17.554"/>
</testsuite> <!-- Tests.SubmitOrderTest -->
